/*C12*/SET SCHEMA PUBLIC
drop table if exists emprestimo_livro cascade 
drop table if exists livro cascade 
drop table if exists usuario cascade 
create table emprestimo_livro (data_de_entrega date not null, entrega_realizada boolean, id bigint generated by default as identity (start with 1), livro_id bigint not null unique, usuario_id bigint not null, primary key (id))
create table livro (ano_publicacao integer not null, disponivel boolean, id bigint generated by default as identity (start with 1), titulo varchar(100) not null, primary key (id))
create table usuario (id bigint generated by default as identity (start with 1), cpf varchar(11) not null unique, email varchar(50) not null unique, nome varchar(100) not null, primary key (id))
alter table emprestimo_livro add constraint FKjsdhx2fikg7ad7o1ywuqfxc3 foreign key (livro_id) references livro
alter table emprestimo_livro add constraint FKalg5imiyrwf1kbqyj98vm98pj foreign key (usuario_id) references usuario
DISCONNECT
/*C13*/SET SCHEMA PUBLIC
DISCONNECT
/*C14*/SET SCHEMA PUBLIC
DISCONNECT
/*C15*/SET SCHEMA PUBLIC
DISCONNECT
/*C16*/SET SCHEMA PUBLIC
DISCONNECT
/*C17*/SET SCHEMA PUBLIC
DISCONNECT
/*C18*/SET SCHEMA PUBLIC
DISCONNECT
/*C19*/SET SCHEMA PUBLIC
DISCONNECT
/*C20*/SET SCHEMA PUBLIC
DISCONNECT
/*C21*/SET SCHEMA PUBLIC
DISCONNECT
